<?xml version="1.0" encoding="UTF-8"?>
<!-- Generated by org.testng.reporters.JUnitXMLReporter -->
<testsuite ignored="0" hostname="DESKTOP-HSQVMDT" failures="0" tests="3" name="Test" time="0.031" errors="0" timestamp="11 Dec 2020 03:07:53 GMT">
  <testcase classname="TestNG_Examples.priority" name="mango" time="0.01"/>
  <testcase classname="TestNG_Examples.priority" name="watermelon" time="0.001"/>
  <testcase classname="TestNG_Examples.priority" name="apple" time="0.001"/>
</testsuite> <!-- Test -->
