<?xml version="1.0" encoding="UTF-8"?>
<!-- Generated by org.testng.reporters.JUnitXMLReporter -->
<testsuite ignored="0" hostname="DESKTOP-HSQVMDT" failures="0" tests="3" name="Test Login" time="0.031" errors="0" timestamp="11 Dec 2020 02:45:35 GMT">
  <testcase classname="TestNG_Examples.testNG" name="MobileStudentLogin" time="0.009"/>
  <testcase classname="TestNG_Examples.testNG" name="WebStudentLogin" time="0.001"/>
  <testcase classname="TestNG_Examples.testNG" name="APIStudentLogin" time="0.001"/>
</testsuite> <!-- Test Login -->
