<?xml version="1.0" encoding="UTF-8"?>
<!-- Generated by org.testng.reporters.JUnitXMLReporter -->
<testsuite ignored="1" hostname="DESKTOP-HSQVMDT" failures="0" tests="6" name="User Story 5" time="0.03" errors="0" timestamp="11 Dec 2020 02:33:45 GMT">
  <testcase classname="TestNG_Examples.TestNG_Parameter" name="infosys" time="0.005"/>
  <testcase classname="TestNG_Examples.TestNG_Parameter" name="technip" time="0.002"/>
  <testcase classname="TestNG_Examples.TestNG_Parameter" name="technip" time="0.001"/>
  <testcase classname="TestNG_Examples.TestNG_Parameter" name="testCase1" time="0.001"/>
  <testcase classname="TestNG_Examples.TestNG_Parameter" name="testCase2" time="0.001"/>
  <testcase classname="TestNG_Examples.TestNG_Parameter" name="wipro" time="0.001"/>
  <testcase classname="TestNG_Examples.TestNG_Parameter" name="testCase3" time="0.0">
    <ignored/>
  </testcase> <!-- testCase3 -->
</testsuite> <!-- User Story 5 -->
