<?xml version="1.0" encoding="UTF-8"?>
<!-- Generated by org.testng.reporters.JUnitXMLReporter -->
<testsuite ignored="2" hostname="DESKTOP-HSQVMDT" failures="0" tests="1" name="Default test" time="0.026" errors="0" timestamp="11 Dec 2020 03:13:05 GMT">
  <testcase classname="TestNG_Examples.enabled" name="java" time="0.011"/>
  <testcase classname="TestNG_Examples.enabled" name="c_language" time="0.0">
    <ignored/>
  </testcase> <!-- c_language -->
  <testcase classname="TestNG_Examples.enabled" name="jira" time="0.0">
    <ignored/>
  </testcase> <!-- jira -->
</testsuite> <!-- Default test -->
