<?xml version="1.0" encoding="UTF-8"?>
<!-- Generated by org.testng.reporters.JUnitXMLReporter -->
<testsuite ignored="1" hostname="DESKTOP-HSQVMDT" failures="0" tests="2" name="Software Company" time="0.03" errors="0" timestamp="11 Dec 2020 03:24:44 GMT">
  <testcase classname="TestNG_Examples.groups" name="infosys" time="0.009"/>
  <testcase classname="TestNG_Examples.groups" name="wipro" time="0.001"/>
  <testcase classname="TestNG_Examples.groups" name="technip" time="0.0">
    <ignored/>
  </testcase> <!-- technip -->
</testsuite> <!-- Software Company -->
