<?xml version="1.0" encoding="UTF-8"?>
<!-- Generated by org.testng.reporters.JUnitXMLReporter -->
<testsuite ignored="0" hostname="DESKTOP-HSQVMDT" failures="0" tests="3" name="timeOut" time="0.54" errors="0" timestamp="11 Dec 2020 03:33:59 GMT">
  <testcase classname="TestNG_Examples.timeOut" name="testcase1" time="0.517"/>
  <testcase classname="TestNG_Examples.timeOut" name="testcase2" time="0.001"/>
  <testcase classname="TestNG_Examples.timeOut" name="testcase3" time="0.001"/>
</testsuite> <!-- timeOut -->
