<?xml version="1.0" encoding="UTF-8"?>
<!-- Generated by org.testng.reporters.JUnitXMLReporter -->
<testsuite ignored="0" hostname="DESKTOP-HSQVMDT" failures="0" tests="3" name="Test Case" time="0.033" errors="0" timestamp="11 Dec 2020 03:01:25 GMT">
  <testcase classname="TestNG_Examples.secondCase" name="testcase2" time="0.008"/>
  <testcase classname="TestNG_Examples.secondCase" name="testcase3" time="0.001"/>
  <testcase classname="TestNG_Examples.secondCase" name="testcase1" time="0.002"/>
</testsuite> <!-- Test Case -->
